<?xml version="1.0" encoding="UTF-8"?>
<!-- Generated by org.testng.reporters.JUnitReportReporter -->
<testsuite skipped="0" hostname="LAPTOP-UK7PKGHG" name="testNGListenerDemo.TestNG2" tests="2" failures="0" timestamp="05 Aug 2019 17:01:05 GMT" time="0.027" errors="0">
  <testcase name="tc22" time="0.003" classname="testNGListenerDemo.TestNG2"/>
  <testcase name="tc2" time="0.024" classname="testNGListenerDemo.TestNG2"/>
</testsuite> <!-- testNGListenerDemo.TestNG2 -->
