<?xml version="1.0" encoding="UTF-8"?>
<!-- Generated by org.testng.reporters.JUnitReportReporter -->
<testsuite skipped="0" hostname="LAPTOP-UK7PKGHG" name="testNGDemo.TestNG8" tests="3" failures="0" timestamp="31 Jul 2019 17:19:55 GMT" time="0.026" errors="0">
  <testcase name="TCC" time="0.022" classname="testNGDemo.TestNG8"/>
  <testcase name="TCA" time="0.002" classname="testNGDemo.TestNG8"/>
  <testcase name="TCB" time="0.002" classname="testNGDemo.TestNG8"/>
</testsuite> <!-- testNGDemo.TestNG8 -->
