<?xml version="1.0" encoding="UTF-8"?>
<!-- Generated by org.testng.reporters.JUnitReportReporter -->
<testsuite skipped="0" hostname="LAPTOP-UK7PKGHG" name="testNGDemo.screenshotNewDemo" tests="1" failures="0" timestamp="19 Aug 2019 16:26:07 GMT" time="15.388" errors="0">
  <testcase name="verifylaunchURL" time="15.388" classname="testNGDemo.screenshotNewDemo"/>
</testsuite> <!-- testNGDemo.screenshotNewDemo -->
