<?xml version="1.0" encoding="UTF-8"?>
<!-- Generated by org.testng.reporters.JUnitReportReporter -->
<testsuite skipped="1" hostname="LAPTOP-UK7PKGHG" name="testNGDemo.TestNG11" tests="3" failures="0" timestamp="31 Jul 2019 17:37:52 GMT" time="0.030" errors="0">
  <testcase name="TCB" time="0.027" classname="testNGDemo.TestNG11"/>
  <testcase name="TCC" time="0.003" classname="testNGDemo.TestNG11"/>
  <testcase name="TCA" classname="testNGDemo.TestNG11">
    <skipped/>
  </testcase> <!-- TCA -->
</testsuite> <!-- testNGDemo.TestNG11 -->
