<?xml version="1.0" encoding="UTF-8"?>
<!-- Generated by org.testng.reporters.JUnitReportReporter -->
<testsuite skipped="0" hostname="LAPTOP-UK7PKGHG" name="testNGDemo.TestNG4" tests="3" failures="0" timestamp="31 Jul 2019 17:09:57 GMT" time="0.031" errors="0">
  <testcase name="verifylogin" time="0.007" classname="testNGDemo.TestNG4"/>
  <testcase name="dthkarrecharge" time="0.019" classname="testNGDemo.TestNG4"/>
  <testcase name="mobilenumber" time="0.005" classname="testNGDemo.TestNG4"/>
</testsuite> <!-- testNGDemo.TestNG4 -->
