<?xml version="1.0" encoding="UTF-8"?>
<!-- Generated by org.testng.reporters.JUnitReportReporter -->
<testsuite skipped="0" hostname="LAPTOP-UK7PKGHG" name="testNGDemo.TestNG2" tests="3" failures="0" timestamp="31 Jul 2019 17:03:51 GMT" time="0.029" errors="0">
  <testcase name="TCthird" time="0.004" classname="testNGDemo.TestNG2"/>
  <testcase name="TCfirst" time="0.020" classname="testNGDemo.TestNG2"/>
  <testcase name="TCsecond" time="0.005" classname="testNGDemo.TestNG2"/>
</testsuite> <!-- testNGDemo.TestNG2 -->
