<?xml version="1.0" encoding="UTF-8"?>
<!-- Generated by org.testng.reporters.JUnitReportReporter -->
<testsuite skipped="0" hostname="LAPTOP-UK7PKGHG" name="testngMulTCDemo.TestNG2" tests="2" failures="0" timestamp="08 Aug 2019 16:57:51 GMT" time="0.005" errors="0">
  <testcase name="tc22" time="0.002" classname="testngMulTCDemo.TestNG2"/>
  <testcase name="tc2" time="0.003" classname="testngMulTCDemo.TestNG2"/>
</testsuite> <!-- testngMulTCDemo.TestNG2 -->
