<?xml version="1.0" encoding="UTF-8"?>
<!-- Generated by org.testng.reporters.JUnitReportReporter -->
<testsuite skipped="0" hostname="LAPTOP-UK7PKGHG" name="testngMulTCDemo.copy.mobile3" tests="1" failures="0" timestamp="01 Aug 2019 17:14:15 GMT" time="0.003" errors="0">
  <testcase name="mob" time="0.003" classname="testngMulTCDemo.copy.mobile3"/>
</testsuite> <!-- testngMulTCDemo.copy.mobile3 -->
