<?xml version="1.0" encoding="UTF-8"?>
<!-- Generated by org.testng.reporters.JUnitReportReporter -->
<testsuite skipped="0" hostname="LAPTOP-UK7PKGHG" name="testNGDemo.annotations" tests="1" failures="0" timestamp="06 Aug 2019 10:47:41 GMT" time="0.010" errors="0">
  <testcase name="test1" time="0.010" classname="testNGDemo.annotations"/>
</testsuite> <!-- testNGDemo.annotations -->
