<?xml version="1.0" encoding="UTF-8"?>
<!-- Generated by org.testng.reporters.JUnitReportReporter -->
<testsuite skipped="0" hostname="LAPTOP-UK7PKGHG" name="testngMulTCDemo.TestNG3" tests="1" failures="0" timestamp="08 Aug 2019 16:57:51 GMT" time="0.003" errors="0">
  <testcase name="tc3" time="0.003" classname="testngMulTCDemo.TestNG3"/>
</testsuite> <!-- testngMulTCDemo.TestNG3 -->
