<?xml version="1.0" encoding="UTF-8"?>
<!-- Generated by org.testng.reporters.JUnitReportReporter -->
<testsuite skipped="0" hostname="LAPTOP-UK7PKGHG" name="testngMulTCDemo.copy.test1" tests="2" failures="0" timestamp="01 Aug 2019 17:14:15 GMT" time="0.005" errors="0">
  <testcase name="test11" time="0.002" classname="testngMulTCDemo.copy.test1"/>
  <testcase name="testtest" time="0.003" classname="testngMulTCDemo.copy.test1"/>
</testsuite> <!-- testngMulTCDemo.copy.test1 -->
