<?xml version="1.0" encoding="UTF-8"?>
<!-- Generated by org.testng.reporters.JUnitReportReporter -->
<testsuite skipped="0" hostname="LAPTOP-UK7PKGHG" name="testNGDemo.TestNG1" tests="1" failures="0" timestamp="31 Jul 2019 16:53:48 GMT" time="12.364" errors="0">
  <testcase name="verifylaunchURL" time="12.364" classname="testNGDemo.TestNG1"/>
</testsuite> <!-- testNGDemo.TestNG1 -->
