<?xml version="1.0" encoding="UTF-8"?>
<!-- Generated by org.testng.reporters.JUnitReportReporter -->
<testsuite skipped="0" hostname="LAPTOP-UK7PKGHG" name="testNGassertion.hardassertion" tests="1" failures="0" timestamp="05 Aug 2019 09:45:27 GMT" time="0.009" errors="0">
  <testcase name="test" time="0.009" classname="testNGassertion.hardassertion"/>
</testsuite> <!-- testNGassertion.hardassertion -->
