<?xml version="1.0" encoding="UTF-8"?>
<!-- Generated by org.testng.reporters.JUnitReportReporter -->
<testsuite skipped="0" hostname="LAPTOP-UK7PKGHG" name="testNGDemo.TestNG10" tests="3" failures="0" timestamp="31 Jul 2019 17:34:47 GMT" time="0.027" errors="0">
  <testcase name="TCA" time="0.022" classname="testNGDemo.TestNG10"/>
  <testcase name="TCC" time="0.004" classname="testNGDemo.TestNG10"/>
  <testcase name="TCB" time="0.001" classname="testNGDemo.TestNG10"/>
</testsuite> <!-- testNGDemo.TestNG10 -->
