<?xml version="1.0" encoding="UTF-8"?>
<!-- Generated by org.testng.reporters.JUnitReportReporter -->
<testsuite skipped="0" hostname="LAPTOP-UK7PKGHG" name="testNGDemo.TestCalculator" tests="3" failures="0" timestamp="06 Aug 2019 10:17:41 GMT" time="0.016" errors="0">
  <testcase name="testAdd" time="0.009" classname="testNGDemo.TestCalculator"/>
  <testcase name="testMultiply" time="0.004" classname="testNGDemo.TestCalculator"/>
  <testcase name="testSubtract" time="0.003" classname="testNGDemo.TestCalculator"/>
</testsuite> <!-- testNGDemo.TestCalculator -->
