<?xml version="1.0" encoding="UTF-8"?>
<!-- Generated by org.testng.reporters.JUnitReportReporter -->
<testsuite skipped="1" hostname="LAPTOP-UK7PKGHG" name="testNGDemo.TestNG12" tests="3" failures="0" timestamp="31 Jul 2019 17:40:00 GMT" time="0.020" errors="0">
  <testcase name="TCC" time="0.002" classname="testNGDemo.TestNG12"/>
  <testcase name="TCA" time="0.014" classname="testNGDemo.TestNG12">
    <skipped/>
  </testcase> <!-- TCA -->
  <testcase name="TCB" time="0.004" classname="testNGDemo.TestNG12"/>
</testsuite> <!-- testNGDemo.TestNG12 -->
