<?xml version="1.0" encoding="UTF-8"?>
<!-- Generated by org.testng.reporters.JUnitReportReporter -->
<testsuite skipped="0" hostname="LAPTOP-UK7PKGHG" name="testNGDemo.TestNG9" tests="3" failures="0" timestamp="31 Jul 2019 17:26:44 GMT" time="0.030" errors="0">
  <testcase name="TCC" time="0.024" classname="testNGDemo.TestNG9"/>
  <testcase name="TCA" time="0.003" classname="testNGDemo.TestNG9"/>
  <testcase name="TCB" time="0.003" classname="testNGDemo.TestNG9"/>
</testsuite> <!-- testNGDemo.TestNG9 -->
