<?xml version="1.0" encoding="UTF-8"?>
<!-- Generated by org.testng.reporters.JUnitReportReporter -->
<testsuite skipped="0" hostname="LAPTOP-UK7PKGHG" name="testNGDemo.TestNG3" tests="3" failures="0" timestamp="31 Jul 2019 17:05:48 GMT" time="0.033" errors="0">
  <testcase name="verifylogin" time="0.004" classname="testNGDemo.TestNG3"/>
  <testcase name="dthkarrecharge" time="0.027" classname="testNGDemo.TestNG3"/>
  <testcase name="mobilenumber" time="0.002" classname="testNGDemo.TestNG3"/>
</testsuite> <!-- testNGDemo.TestNG3 -->
