<?xml version="1.0" encoding="UTF-8"?>
<!-- Generated by org.testng.reporters.JUnitReportReporter -->
<testsuite skipped="0" hostname="LAPTOP-UK7PKGHG" name="testngMulTCDemo.copy.DataProviderDemo" tests="2" failures="0" timestamp="01 Aug 2019 17:22:45 GMT" time="0.025" errors="0">
  <testcase name="login" time="0.005" classname="testngMulTCDemo.copy.DataProviderDemo"/>
  <testcase name="login" time="0.020" classname="testngMulTCDemo.copy.DataProviderDemo"/>
</testsuite> <!-- testngMulTCDemo.copy.DataProviderDemo -->
