<?xml version="1.0" encoding="UTF-8"?>
<!-- Generated by org.testng.reporters.JUnitReportReporter -->
<testsuite skipped="0" hostname="LAPTOP-UK7PKGHG" name="testNGDemo.TestNG7" tests="3" failures="0" timestamp="31 Jul 2019 17:19:16 GMT" time="0.033" errors="0">
  <testcase name="TCA" time="0.019" classname="testNGDemo.TestNG7"/>
  <testcase name="TCC" time="0.004" classname="testNGDemo.TestNG7"/>
  <testcase name="TCB" time="0.010" classname="testNGDemo.TestNG7"/>
</testsuite> <!-- testNGDemo.TestNG7 -->
