<?xml version="1.0" encoding="UTF-8"?>
<!-- Generated by org.testng.reporters.JUnitReportReporter -->
<testsuite skipped="0" hostname="LAPTOP-UK7PKGHG" name="pageobjectModel.TestNG13" tests="1" failures="0" timestamp="06 Aug 2019 17:15:12 GMT" time="11.194" errors="0">
  <testcase name="login" time="11.194" classname="pageobjectModel.TestNG13"/>
</testsuite> <!-- pageobjectModel.TestNG13 -->
